<?xml version="1.0" encoding="UTF-8"?>
<testng-results skipped="0" failed="0" ignored="0" total="1" passed="1">
  <reporter-output>
  </reporter-output>
  <suite name="Gradle suite" duration-ms="24" started-at="2018-09-04T05:27:42Z" finished-at="2018-09-04T05:27:42Z">
    <groups>
    </groups>
    <test name="Gradle test" duration-ms="24" started-at="2018-09-04T05:27:42Z" finished-at="2018-09-04T05:27:42Z">
      <class name="ru.ruko.MainTest">
        <test-method status="PASS" signature="init()[pri:0, instance:ru.ruko.MainTest@75322028]" name="init" is-config="true" duration-ms="103" started-at="2018-09-04T05:27:42Z" finished-at="2018-09-04T05:27:42Z">
          <reporter-output>
          </reporter-output>
        </test-method> <!-- init -->
        <test-method status="PASS" signature="testSimple1()[pri:0, instance:ru.ruko.MainTest@75322028]" name="testSimple1" duration-ms="6" started-at="2018-09-04T05:27:42Z" finished-at="2018-09-04T05:27:42Z">
          <reporter-output>
          </reporter-output>
        </test-method> <!-- testSimple1 -->
      </class> <!-- ru.ruko.MainTest -->
    </test> <!-- Gradle test -->
  </suite> <!-- Gradle suite -->
</testng-results>
